<?xml version="1.0" encoding="UTF-8"?>
<testng-results ignored="0" total="15" passed="15" failed="0" skipped="0">
  <reporter-output>
  </reporter-output>
  <suite started-at="2022-08-16T12:39:00 IST" name="All Test Suite" finished-at="2022-08-16T12:39:38 IST" duration-ms="37661">
    <groups>
      <group name="cucumber">
        <method signature="AbstractTestNGCucumberTests.runScenario(io.cucumber.testng.PickleWrapper,io.cucumber.testng.FeatureWrapper)[pri:0, instance:runner.TestRunner@59309333]" name="runScenario" class="io.cucumber.testng.AbstractTestNGCucumberTests"/>
      </group> <!-- cucumber -->
    </groups>
    <test started-at="2022-08-16T12:39:00 IST" name="C:/sprintttt/Superheros" finished-at="2022-08-16T12:39:38 IST" duration-ms="37661">
      <class name="runner.TestRunner">
        <test-method is-config="true" signature="setUpClass()[pri:0, instance:runner.TestRunner@59309333]" started-at="2022-08-16T12:39:10 IST" name="setUpClass" finished-at="2022-08-16T12:39:12 IST" duration-ms="2226" status="PASS">
          <reporter-output>
          </reporter-output>
        </test-method> <!-- setUpClass -->
        <test-method signature="runScenario(io.cucumber.testng.PickleWrapper,io.cucumber.testng.FeatureWrapper)[pri:0, instance:runner.TestRunner@59309333]" started-at="2022-08-16T12:39:12 IST" name="runScenario" description="Runs Cucumber Scenarios" data-provider="scenarios" finished-at="2022-08-16T12:39:20 IST" duration-ms="7781" status="PASS">
          <params>
            <param index="0">
              <value>
                <![CDATA["Verify that user is created"]]>
              </value>
            </param>
            <param index="1">
              <value>
                <![CDATA["Optional[Super Heroes]"]]>
              </value>
            </param>
          </params>
          <reporter-output>
          </reporter-output>
        </test-method> <!-- runScenario -->
        <test-method signature="runScenario(io.cucumber.testng.PickleWrapper,io.cucumber.testng.FeatureWrapper)[pri:0, instance:runner.TestRunner@59309333]" started-at="2022-08-16T12:39:20 IST" name="runScenario" description="Runs Cucumber Scenarios" data-provider="scenarios" finished-at="2022-08-16T12:39:22 IST" duration-ms="2309" status="PASS">
          <params>
            <param index="0">
              <value>
                <![CDATA["Verify that the user   cant  create a name"]]>
              </value>
            </param>
            <param index="1">
              <value>
                <![CDATA["Optional[Super Heroes]"]]>
              </value>
            </param>
          </params>
          <reporter-output>
          </reporter-output>
        </test-method> <!-- runScenario -->
        <test-method signature="runScenario(io.cucumber.testng.PickleWrapper,io.cucumber.testng.FeatureWrapper)[pri:0, instance:runner.TestRunner@59309333]" started-at="2022-08-16T12:39:22 IST" name="runScenario" description="Runs Cucumber Scenarios" data-provider="scenarios" finished-at="2022-08-16T12:39:23 IST" duration-ms="492" status="PASS">
          <params>
            <param index="0">
              <value>
                <![CDATA["Verify that the user cant create a super name"]]>
              </value>
            </param>
            <param index="1">
              <value>
                <![CDATA["Optional[Super Heroes]"]]>
              </value>
            </param>
          </params>
          <reporter-output>
          </reporter-output>
        </test-method> <!-- runScenario -->
        <test-method signature="runScenario(io.cucumber.testng.PickleWrapper,io.cucumber.testng.FeatureWrapper)[pri:0, instance:runner.TestRunner@59309333]" started-at="2022-08-16T12:39:23 IST" name="runScenario" description="Runs Cucumber Scenarios" data-provider="scenarios" finished-at="2022-08-16T12:39:23 IST" duration-ms="536" status="PASS">
          <params>
            <param index="0">
              <value>
                <![CDATA["Verify that the user cant create a profession"]]>
              </value>
            </param>
            <param index="1">
              <value>
                <![CDATA["Optional[Super Heroes]"]]>
              </value>
            </param>
          </params>
          <reporter-output>
          </reporter-output>
        </test-method> <!-- runScenario -->
        <test-method signature="runScenario(io.cucumber.testng.PickleWrapper,io.cucumber.testng.FeatureWrapper)[pri:0, instance:runner.TestRunner@59309333]" started-at="2022-08-16T12:39:23 IST" name="runScenario" description="Runs Cucumber Scenarios" data-provider="scenarios" finished-at="2022-08-16T12:39:24 IST" duration-ms="855" status="PASS">
          <params>
            <param index="0">
              <value>
                <![CDATA["Verify that the user cant create  age"]]>
              </value>
            </param>
            <param index="1">
              <value>
                <![CDATA["Optional[Super Heroes]"]]>
              </value>
            </param>
          </params>
          <reporter-output>
          </reporter-output>
        </test-method> <!-- runScenario -->
        <test-method signature="runScenario(io.cucumber.testng.PickleWrapper,io.cucumber.testng.FeatureWrapper)[pri:0, instance:runner.TestRunner@59309333]" started-at="2022-08-16T12:39:24 IST" name="runScenario" description="Runs Cucumber Scenarios" data-provider="scenarios" finished-at="2022-08-16T12:39:26 IST" duration-ms="1480" status="PASS">
          <params>
            <param index="0">
              <value>
                <![CDATA["Verify that the user cant create  canFly status"]]>
              </value>
            </param>
            <param index="1">
              <value>
                <![CDATA["Optional[Super Heroes]"]]>
              </value>
            </param>
          </params>
          <reporter-output>
          </reporter-output>
        </test-method> <!-- runScenario -->
        <test-method signature="runScenario(io.cucumber.testng.PickleWrapper,io.cucumber.testng.FeatureWrapper)[pri:0, instance:runner.TestRunner@59309333]" started-at="2022-08-16T12:39:26 IST" name="runScenario" description="Runs Cucumber Scenarios" data-provider="scenarios" finished-at="2022-08-16T12:39:27 IST" duration-ms="1094" status="PASS">
          <params>
            <param index="0">
              <value>
                <![CDATA["Verify that the user name is updated"]]>
              </value>
            </param>
            <param index="1">
              <value>
                <![CDATA["Optional[Super Heroes]"]]>
              </value>
            </param>
          </params>
          <reporter-output>
          </reporter-output>
        </test-method> <!-- runScenario -->
        <test-method signature="runScenario(io.cucumber.testng.PickleWrapper,io.cucumber.testng.FeatureWrapper)[pri:0, instance:runner.TestRunner@59309333]" started-at="2022-08-16T12:39:27 IST" name="runScenario" description="Runs Cucumber Scenarios" data-provider="scenarios" finished-at="2022-08-16T12:39:28 IST" duration-ms="1134" status="PASS">
          <params>
            <param index="0">
              <value>
                <![CDATA["Verify that the user super name is updated"]]>
              </value>
            </param>
            <param index="1">
              <value>
                <![CDATA["Optional[Super Heroes]"]]>
              </value>
            </param>
          </params>
          <reporter-output>
          </reporter-output>
        </test-method> <!-- runScenario -->
        <test-method signature="runScenario(io.cucumber.testng.PickleWrapper,io.cucumber.testng.FeatureWrapper)[pri:0, instance:runner.TestRunner@59309333]" started-at="2022-08-16T12:39:28 IST" name="runScenario" description="Runs Cucumber Scenarios" data-provider="scenarios" finished-at="2022-08-16T12:39:29 IST" duration-ms="938" status="PASS">
          <params>
            <param index="0">
              <value>
                <![CDATA["Verify that the user profession is updated"]]>
              </value>
            </param>
            <param index="1">
              <value>
                <![CDATA["Optional[Super Heroes]"]]>
              </value>
            </param>
          </params>
          <reporter-output>
          </reporter-output>
        </test-method> <!-- runScenario -->
        <test-method signature="runScenario(io.cucumber.testng.PickleWrapper,io.cucumber.testng.FeatureWrapper)[pri:0, instance:runner.TestRunner@59309333]" started-at="2022-08-16T12:39:29 IST" name="runScenario" description="Runs Cucumber Scenarios" data-provider="scenarios" finished-at="2022-08-16T12:39:30 IST" duration-ms="867" status="PASS">
          <params>
            <param index="0">
              <value>
                <![CDATA["Verify that the user age is updated"]]>
              </value>
            </param>
            <param index="1">
              <value>
                <![CDATA["Optional[Super Heroes]"]]>
              </value>
            </param>
          </params>
          <reporter-output>
          </reporter-output>
        </test-method> <!-- runScenario -->
        <test-method signature="runScenario(io.cucumber.testng.PickleWrapper,io.cucumber.testng.FeatureWrapper)[pri:0, instance:runner.TestRunner@59309333]" started-at="2022-08-16T12:39:30 IST" name="runScenario" description="Runs Cucumber Scenarios" data-provider="scenarios" finished-at="2022-08-16T12:39:31 IST" duration-ms="945" status="PASS">
          <params>
            <param index="0">
              <value>
                <![CDATA["Verify that the user canFly status is updated"]]>
              </value>
            </param>
            <param index="1">
              <value>
                <![CDATA["Optional[Super Heroes]"]]>
              </value>
            </param>
          </params>
          <reporter-output>
          </reporter-output>
        </test-method> <!-- runScenario -->
        <test-method signature="runScenario(io.cucumber.testng.PickleWrapper,io.cucumber.testng.FeatureWrapper)[pri:0, instance:runner.TestRunner@59309333]" started-at="2022-08-16T12:39:31 IST" name="runScenario" description="Runs Cucumber Scenarios" data-provider="scenarios" finished-at="2022-08-16T12:39:32 IST" duration-ms="1014" status="PASS">
          <params>
            <param index="0">
              <value>
                <![CDATA["Verify that the users list is displayed"]]>
              </value>
            </param>
            <param index="1">
              <value>
                <![CDATA["Optional[Super Heroes]"]]>
              </value>
            </param>
          </params>
          <reporter-output>
          </reporter-output>
        </test-method> <!-- runScenario -->
        <test-method signature="runScenario(io.cucumber.testng.PickleWrapper,io.cucumber.testng.FeatureWrapper)[pri:0, instance:runner.TestRunner@59309333]" started-at="2022-08-16T12:39:32 IST" name="runScenario" description="Runs Cucumber Scenarios" data-provider="scenarios" finished-at="2022-08-16T12:39:33 IST" duration-ms="799" status="PASS">
          <params>
            <param index="0">
              <value>
                <![CDATA["Verify that the particular user in the list is displayed"]]>
              </value>
            </param>
            <param index="1">
              <value>
                <![CDATA["Optional[Super Heroes]"]]>
              </value>
            </param>
          </params>
          <reporter-output>
          </reporter-output>
        </test-method> <!-- runScenario -->
        <test-method signature="runScenario(io.cucumber.testng.PickleWrapper,io.cucumber.testng.FeatureWrapper)[pri:0, instance:runner.TestRunner@59309333]" started-at="2022-08-16T12:39:33 IST" name="runScenario" description="Runs Cucumber Scenarios" data-provider="scenarios" finished-at="2022-08-16T12:39:33 IST" duration-ms="834" status="PASS">
          <params>
            <param index="0">
              <value>
                <![CDATA["Verify that the user is deleted"]]>
              </value>
            </param>
            <param index="1">
              <value>
                <![CDATA["Optional[Super Heroes]"]]>
              </value>
            </param>
          </params>
          <reporter-output>
          </reporter-output>
        </test-method> <!-- runScenario -->
        <test-method signature="runScenario(io.cucumber.testng.PickleWrapper,io.cucumber.testng.FeatureWrapper)[pri:0, instance:runner.TestRunner@59309333]" started-at="2022-08-16T12:39:33 IST" name="runScenario" description="Runs Cucumber Scenarios" data-provider="scenarios" finished-at="2022-08-16T12:39:34 IST" duration-ms="916" status="PASS">
          <params>
            <param index="0">
              <value>
                <![CDATA["Verify that the invalid user is deleted"]]>
              </value>
            </param>
            <param index="1">
              <value>
                <![CDATA["Optional[Super Heroes]"]]>
              </value>
            </param>
          </params>
          <reporter-output>
          </reporter-output>
        </test-method> <!-- runScenario -->
        <test-method is-config="true" signature="tearDownClass()[pri:0, instance:runner.TestRunner@59309333]" started-at="2022-08-16T12:39:34 IST" name="tearDownClass" finished-at="2022-08-16T12:39:38 IST" duration-ms="3243" status="PASS">
          <reporter-output>
          </reporter-output>
        </test-method> <!-- tearDownClass -->
      </class> <!-- runner.TestRunner -->
    </test> <!-- C:/sprintttt/Superheros -->
  </suite> <!-- All Test Suite -->
</testng-results>
